<?xml version="1.0" encoding="UTF-8"?>
<!-- Generated by org.testng.reporters.JUnitXMLReporter -->
<testsuite ignored="0" hostname="C40LAP-10296" failures="1" tests="3" name="Test" time="20.15" errors="0" timestamp="2023-07-29T00:11:34 IST">
  <testcase classname="Organization.Ecommerce.ErrorValidation" name="invalidLogin" time="1.108">
    <failure type="java.lang.AssertionError" message="expected [Incorrect email or password.@] but found [Incorrect email or password.]">
      <![CDATA[java.lang.AssertionError: expected [Incorrect email or password.@] but found [Incorrect email or password.]
at Organization.Ecommerce.ErrorValidation.invalidLogin(ErrorValidation.java:19)
at java.base/java.util.concurrent.ThreadPoolExecutor.runWorker(ThreadPoolExecutor.java:1136)
at java.base/java.util.concurrent.ThreadPoolExecutor$Worker.run(ThreadPoolExecutor.java:635)
at java.base/java.lang.Thread.run(Thread.java:833)
... Removed 18 stack frames]]>
    </failure>
  </testcase> <!-- invalidLogin -->
  <testcase classname="Organization.Ecommerce.EcommerceBase" name="createOrder" time="5.25"/>
  <testcase classname="Organization.Ecommerce.EcommerceBase" name="createOrder" time="5.958"/>
</testsuite> <!-- Test -->
