<?xml version="1.0" encoding="UTF-8"?>
<testng-results ignored="0" total="3" passed="2" failed="1" skipped="0">
  <reporter-output>
  </reporter-output>
  <suite started-at="2023-07-29T00:11:14 IST" name="Suite" finished-at="2023-07-29T00:11:34 IST" duration-ms="20150">
    <groups>
      <group name="error">
        <method signature="ErrorValidation.invalidLogin(java.lang.String,java.lang.String)[pri:0, instance:Organization.Ecommerce.ErrorValidation@416c58f5]" name="invalidLogin" class="Organization.Ecommerce.ErrorValidation"/>
      </group> <!-- error -->
    </groups>
    <test started-at="2023-07-29T00:11:14 IST" name="Test" finished-at="2023-07-29T00:11:34 IST" duration-ms="20150">
      <class name="Organization.Ecommerce.ErrorValidation">
        <test-method is-config="true" signature="lauchApplication()[pri:0, instance:Organization.Ecommerce.ErrorValidation@416c58f5]" started-at="2023-07-29T00:11:14 IST" name="lauchApplication" finished-at="2023-07-29T00:11:18 IST" duration-ms="4789" status="PASS">
          <reporter-output>
          </reporter-output>
        </test-method> <!-- lauchApplication -->
        <test-method signature="invalidLogin(java.lang.String,java.lang.String)[pri:0, instance:Organization.Ecommerce.ErrorValidation@416c58f5]" started-at="2023-07-29T00:11:18 IST" name="invalidLogin" data-provider="getData" finished-at="2023-07-29T00:11:19 IST" duration-ms="1108" status="FAIL">
          <params>
            <param index="0">
              <value>
                <![CDATA[abc@gmail.com]]>
              </value>
            </param>
            <param index="1">
              <value>
                <![CDATA[12342@er]]>
              </value>
            </param>
          </params>
          <exception class="java.lang.AssertionError">
            <message>
              <![CDATA[expected [Incorrect email or password.@] but found [Incorrect email or password.]]]>
            </message>
            <full-stacktrace>
              <![CDATA[java.lang.AssertionError: expected [Incorrect email or password.@] but found [Incorrect email or password.]
at org.testng.Assert.fail(Assert.java:99)
at org.testng.Assert.failNotEquals(Assert.java:1037)
at org.testng.Assert.assertEqualsImpl(Assert.java:140)
at org.testng.Assert.assertEquals(Assert.java:122)
at org.testng.Assert.assertEquals(Assert.java:629)
at org.testng.Assert.assertEquals(Assert.java:639)
at Organization.Ecommerce.ErrorValidation.invalidLogin(ErrorValidation.java:19)
at java.base/jdk.internal.reflect.NativeMethodAccessorImpl.invoke0(Native Method)
at java.base/jdk.internal.reflect.NativeMethodAccessorImpl.invoke(NativeMethodAccessorImpl.java:77)
at java.base/jdk.internal.reflect.DelegatingMethodAccessorImpl.invoke(DelegatingMethodAccessorImpl.java:43)
at java.base/java.lang.reflect.Method.invoke(Method.java:568)
at org.testng.internal.MethodInvocationHelper.invokeMethod(MethodInvocationHelper.java:133)
at org.testng.internal.TestInvoker.invokeMethod(TestInvoker.java:598)
at org.testng.internal.TestInvoker.invokeTestMethod(TestInvoker.java:173)
at org.testng.internal.MethodRunner.runInSequence(MethodRunner.java:46)
at org.testng.internal.TestInvoker$MethodInvocationAgent.invoke(TestInvoker.java:824)
at org.testng.internal.TestInvoker.invokeTestMethods(TestInvoker.java:146)
at org.testng.internal.TestMethodWorker.invokeTestMethods(TestMethodWorker.java:146)
at org.testng.internal.TestMethodWorker.run(TestMethodWorker.java:128)
at java.base/java.util.concurrent.ThreadPoolExecutor.runWorker(ThreadPoolExecutor.java:1136)
at java.base/java.util.concurrent.ThreadPoolExecutor$Worker.run(ThreadPoolExecutor.java:635)
at java.base/java.lang.Thread.run(Thread.java:833)
]]>
            </full-stacktrace>
          </exception> <!-- java.lang.AssertionError -->
          <reporter-output>
          </reporter-output>
        </test-method> <!-- invalidLogin -->
        <test-method is-config="true" signature="closeBrowser()[pri:0, instance:Organization.Ecommerce.ErrorValidation@416c58f5]" started-at="2023-07-29T00:11:20 IST" name="closeBrowser" finished-at="2023-07-29T00:11:20 IST" duration-ms="87" status="PASS">
          <reporter-output>
          </reporter-output>
        </test-method> <!-- closeBrowser -->
      </class> <!-- Organization.Ecommerce.ErrorValidation -->
      <class name="Organization.Ecommerce.EcommerceBase">
        <test-method is-config="true" signature="lauchApplication()[pri:0, instance:Organization.Ecommerce.EcommerceBase@7ae42ce3]" started-at="2023-07-29T00:11:14 IST" name="lauchApplication" finished-at="2023-07-29T00:11:18 IST" duration-ms="4445" status="PASS">
          <reporter-output>
          </reporter-output>
        </test-method> <!-- lauchApplication -->
        <test-method signature="createOrder(java.util.Map)[pri:0, instance:Organization.Ecommerce.EcommerceBase@7ae42ce3]" started-at="2023-07-29T00:11:18 IST" name="createOrder" data-provider="getData" finished-at="2023-07-29T00:11:23 IST" duration-ms="5250" status="PASS">
          <params>
            <param index="0">
              <value>
                <![CDATA[{password=Iamking@123, item=ADIDAS ORIGINAL, email=anshika02@gmail.com}]]>
              </value>
            </param>
          </params>
          <reporter-output>
          </reporter-output>
        </test-method> <!-- createOrder -->
        <test-method is-config="true" signature="closeBrowser()[pri:0, instance:Organization.Ecommerce.EcommerceBase@7ae42ce3]" started-at="2023-07-29T00:11:23 IST" name="closeBrowser" finished-at="2023-07-29T00:11:24 IST" duration-ms="200" status="PASS">
          <reporter-output>
          </reporter-output>
        </test-method> <!-- closeBrowser -->
        <test-method is-config="true" signature="lauchApplication()[pri:0, instance:Organization.Ecommerce.EcommerceBase@7ae42ce3]" started-at="2023-07-29T00:11:24 IST" name="lauchApplication" finished-at="2023-07-29T00:11:28 IST" duration-ms="3927" status="PASS">
          <reporter-output>
          </reporter-output>
        </test-method> <!-- lauchApplication -->
        <test-method signature="createOrder(java.util.Map)[pri:0, instance:Organization.Ecommerce.EcommerceBase@7ae42ce3]" started-at="2023-07-29T00:11:28 IST" name="createOrder" data-provider="getData" finished-at="2023-07-29T00:11:34 IST" duration-ms="5958" status="PASS">
          <params>
            <param index="0">
              <value>
                <![CDATA[{password=Raman123$, item=IPHONE 13 PRO, email=ramansingh@gmail.com}]]>
              </value>
            </param>
          </params>
          <reporter-output>
          </reporter-output>
        </test-method> <!-- createOrder -->
        <test-method is-config="true" signature="closeBrowser()[pri:0, instance:Organization.Ecommerce.EcommerceBase@7ae42ce3]" started-at="2023-07-29T00:11:34 IST" name="closeBrowser" finished-at="2023-07-29T00:11:34 IST" duration-ms="147" status="PASS">
          <reporter-output>
          </reporter-output>
        </test-method> <!-- closeBrowser -->
      </class> <!-- Organization.Ecommerce.EcommerceBase -->
    </test> <!-- Test -->
  </suite> <!-- Suite -->
</testng-results>
